<?xml version="1.0" encoding="UTF-8"?>
<testExecutions version="1">
  <file path="/home/sylk/IdeaProjects/xpfarm/20230215_connect_four/bdd/features/empty_rack_feature.steps.js">
    <testCase name="Game should start with an empty rack Empty rack creation" duration="1"/>
  </file>
  <file path="/home/sylk/IdeaProjects/xpfarm/20230215_connect_four/bdd/features/first_move_feature.steps.js">
    <testCase name="Players should make their moves First move of first player" duration="2">
      <failure message="TypeError: game.currentPlayer is not a function"><![CDATA[TypeError: game.currentPlayer is not a function
    at Object.stepFunction (/home/sylk/IdeaProjects/xpfarm/20230215_connect_four/bdd/features/first_move_feature.steps.js:18:26)
    at /home/sylk/IdeaProjects/xpfarm/20230215_connect_four/node_modules/jest-cucumber/src/feature-definition-creation.ts:134:65]]></failure>
    </testCase>
  </file>
</testExecutions>