<?xml version="1.0" encoding="UTF-8"?>
<testExecutions version="1">
  <file path="/home/sylk/IdeaProjects/xpfarm/20230215_connect_four/bdd/features/first_move_feature.steps.js">
    <testCase name="Players should make their moves First move of first player" duration="3"/>
  </file>
  <file path="/home/sylk/IdeaProjects/xpfarm/20230215_connect_four/bdd/features/empty_rack_feature.steps.js">
    <testCase name="Game should start with an empty rack Empty rack creation" duration="2"/>
  </file>
</testExecutions>