<?xml version="1.0" encoding="UTF-8"?>
<testExecutions version="1">
  <file path="/home/sylk/IdeaProjects/xpfarm/20230215_connect_four/__tests__/game.test.js">
    <testCase name="Game should be created... should be a Game class..." duration="1"/>
  </file>
</testExecutions>