<?xml version="1.0" encoding="UTF-8"?>
<testExecutions version="1">
  <file path="/home/sylk/IdeaProjects/xpfarm/20230215_connect_four/bdd/features/second_move_feature.steps.js">
    <testCase name="Players should make their moves Second move of second player" duration="5">
      <failure message="Error: expect(received).toContain(expected) // indexOf"><![CDATA[Error: expect(received).toContain(expected) // indexOf

Expected substring: "
RED has placed a token.
| | | | | | | |
+-+-+-+-+-+-+-+
| | | | | | | |
+-+-+-+-+-+-+-+
| | | | | | | |
+-+-+-+-+-+-+-+
| | | | | | | |
+-+-+-+-+-+-+-+
| | | |R| | | |
+-+-+-+-+-+-+-+
| | | |Y| | | |
+-+-+-+-+-+-+-+
It is YELLOW's turn."
Received string:    "
YELLOW has placed a token.
| | | | | | | |
+-+-+-+-+-+-+-+
| | | | | | | |
+-+-+-+-+-+-+-+
| | | | | | | |
+-+-+-+-+-+-+-+
| | | | | | | |
+-+-+-+-+-+-+-+
| | | | | | | |
+-+-+-+-+-+-+-+
| | | |Y| | | |
+-+-+-+-+-+-+-+
It is RED's turn."
    at Object.stepFunction (/home/sylk/IdeaProjects/xpfarm/20230215_connect_four/bdd/features/second_move_feature.steps.js:34:20)
    at /home/sylk/IdeaProjects/xpfarm/20230215_connect_four/node_modules/jest-cucumber/src/feature-definition-creation.ts:134:65
    at processTicksAndRejections (node:internal/process/task_queues:95:5)]]></failure>
    </testCase>
  </file>
  <file path="/home/sylk/IdeaProjects/xpfarm/20230215_connect_four/bdd/features/first_move_feature.steps.js">
    <testCase name="Players should make their moves First move of first player" duration="2"/>
  </file>
  <file path="/home/sylk/IdeaProjects/xpfarm/20230215_connect_four/bdd/features/empty_rack_feature.steps.js">
    <testCase name="Game should start with an empty rack Empty rack creation" duration="1"/>
  </file>
</testExecutions>